<?xml version="1.0" encoding="UTF-8"?>
<!-- Generated by org.testng.reporters.JUnitReportReporter -->
<testsuite hostname="LAPTOP-98VM7U93" failures="0" tests="2" name="demo.class1" time="11.244" errors="0" timestamp="2023-08-28T22:21:45 IST" skipped="0">
  <testcase classname="demo.class1" name="m1" time="11.244"/>
  <system-out/>
  <testcase classname="demo.class1" name="m0" time="0.000"/>
  <system-out/>
</testsuite> <!-- demo.class1 -->
