<?xml version="1.0" encoding="UTF-8"?>
<!-- Generated by org.testng.reporters.JUnitReportReporter -->
<testsuite hostname="LAPTOP-98VM7U93" failures="0" tests="3" name="pack_2.class4" time="0.008" errors="0" timestamp="2023-08-28T17:18:23 IST" skipped="0">
  <testcase classname="pack_2.class4" name="m10" time="0.006"/>
  <system-out/>
  <testcase classname="pack_2.class4" name="m12" time="0.001"/>
  <system-out/>
  <testcase classname="pack_2.class4" name="m11" time="0.001"/>
  <system-out/>
</testsuite> <!-- pack_2.class4 -->
