<?xml version="1.0" encoding="UTF-8"?>
<!-- Generated by org.testng.reporters.JUnitReportReporter -->
<testsuite hostname="LAPTOP-98VM7U93" failures="0" tests="4" name="testng_listener.test2" time="0.006" errors="0" timestamp="2023-08-31T13:33:12 IST" skipped="0">
  <testcase classname="testng_listener.test2" name="m4" time="0.001"/>
  <testcase classname="testng_listener.test2" name="m2" time="0.001"/>
  <testcase classname="testng_listener.test2" name="m3" time="0.001"/>
  <testcase classname="testng_listener.test2" name="m1" time="0.003"/>
</testsuite> <!-- testng_listener.test2 -->
