<?xml version="1.0" encoding="UTF-8"?>
<!-- Generated by org.testng.reporters.JUnitReportReporter -->
<testsuite hostname="LAPTOP-98VM7U93" failures="0" tests="2" name="pack_2.class_2" time="0.011" errors="0" timestamp="2023-08-28T22:21:45 IST" skipped="0">
  <testcase classname="pack_2.class_2" name="m6" time="0.003"/>
  <system-out/>
  <testcase classname="pack_2.class_2" name="m4" time="0.008"/>
  <system-out/>
</testsuite> <!-- pack_2.class_2 -->
