<?xml version="1.0" encoding="UTF-8"?>
<!-- Generated by org.testng.reporters.JUnitReportReporter -->
<testsuite hostname="LAPTOP-98VM7U93" failures="0" tests="5" name="datadriventesting.login" time="0.008" errors="0" timestamp="2023-08-29T16:03:33 IST" skipped="0">
  <testcase classname="datadriventesting.login" name="single" time="0.001"/>
  <system-out/>
  <testcase classname="datadriventesting.login" name="single" time="0.001"/>
  <system-out/>
  <testcase classname="datadriventesting.login" name="single" time="0.000"/>
  <system-out/>
  <testcase classname="datadriventesting.login" name="single" time="0.001"/>
  <system-out/>
  <testcase classname="datadriventesting.login" name="single" time="0.005"/>
  <system-out/>
</testsuite> <!-- datadriventesting.login -->
