<?xml version="1.0" encoding="UTF-8"?>
<!-- Generated by org.testng.reporters.JUnitReportReporter -->
<testsuite hostname="LAPTOP-98VM7U93" failures="0" tests="4" name="demo.facebook" time="13.896" errors="0" timestamp="2023-08-28T22:21:45 IST" skipped="0">
  <testcase classname="demo.facebook" name="m2" time="0.000"/>
  <system-out/>
  <testcase classname="demo.facebook" name="login" time="3.989"/>
  <system-out/>
  <testcase classname="demo.facebook" name="m1" time="9.907"/>
  <system-out/>
  <testcase classname="demo.facebook" name="m3" time="0.000"/>
  <system-out/>
</testsuite> <!-- demo.facebook -->
