<?xml version="1.0" encoding="UTF-8"?>
<!-- Generated by org.testng.reporters.JUnitReportReporter -->
<testsuite hostname="LAPTOP-98VM7U93" failures="0" tests="4" name="datadriventesting.ReadingDatFromExcel" time="63.506" errors="0" timestamp="2023-09-02T12:06:56 IST" skipped="0">
  <testcase classname="datadriventesting.ReadingDatFromExcel" name="readingDataFrimExcel" time="4.751"/>
  <testcase classname="datadriventesting.ReadingDatFromExcel" name="readingDataFrimExcel" time="48.888"/>
  <testcase classname="datadriventesting.ReadingDatFromExcel" name="readingDataFrimExcel" time="4.958"/>
  <testcase classname="datadriventesting.ReadingDatFromExcel" name="readingDataFrimExcel" time="4.909"/>
</testsuite> <!-- datadriventesting.ReadingDatFromExcel -->
